<?xml version="1.0" encoding="UTF-8"?>
<!-- Generated by org.testng.reporters.JUnitXMLReporter -->
<testsuite ignored="0" hostname="LAP-138" failures="4" tests="4" name="ChargeBatch_CEProductivityTest" time="371.376" errors="0" timestamp="2024-10-01T04:37:04 IST">
  <testcase classname="com.testwebsite.scripts.ChargeBatch_CEProductivityScript" name="clickOnTheChargeBatchingSystem" time="30.382">
    <failure type="java.lang.AssertionError" message="Element Locator ://input[@id=&amp;apos;username&amp;apos;] Not found expected [true] but found [false]">
      <![CDATA[java.lang.AssertionError: Element Locator ://input[@id='username'] Not found expected [true] but found [false]
at com.testwebsite.utilites.NSeleniumMethods.sendKeys(NSeleniumMethods.java:202)
at com.testwebsite.helpers.ChargeBatch_CEProductivityHelper.ClickOnChargeBatchingSystem(ChargeBatch_CEProductivityHelper.java:28)
at com.testwebsite.scripts.ChargeBatch_CEProductivityScript.clickOnTheChargeBatchingSystem(ChargeBatch_CEProductivityScript.java:30)
at java.base/java.util.ArrayList.forEach(ArrayList.java:1511)
... Removed 30 stack frames]]>
    </failure>
  </testcase> <!-- clickOnTheChargeBatchingSystem -->
  <testcase classname="com.testwebsite.scripts.ChargeBatch_CEProductivityScript" name="addBatchFunctionality" time="2.015">
    <failure type="org.openqa.selenium.NoSuchWindowException" message="no such window: target window already closed
from unknown error: web view not found
  (Session info: chrome=129.0.6668.71)
Build info: version: &amp;apos;4.23.0&amp;apos;, revision: &amp;apos;4df0a231af&amp;apos;
System info: os.name: &amp;apos;Windows 10&amp;apos;, os.arch: &amp;apos;amd64&amp;apos;, os.version: &amp;apos;10.0&amp;apos;, java.version: &amp;apos;17.0.1&amp;apos;
Driver info: org.openqa.selenium.chrome.ChromeDriver
Command: [cf0f698850b97db909fd6cd9f096af28, findElement {value=(//td[@role=&amp;apos;gridcell&amp;apos;])[2], using=xpath}]
Capabilities {acceptInsecureCerts: false, browserName: chrome, browserVersion: 129.0.6668.71, chrome: {chromedriverVersion: 129.0.6668.58 (81a06fb873a9..., userDataDir: C:\Users\RAMAN~1.KUM\AppDat...}, fedcm:accounts: true, goog:chromeOptions: {debuggerAddress: localhost:63032}, networkConnectionEnabled: false, pageLoadStrategy: normal, platformName: windows, proxy: Proxy(), se:cdp: ws://localhost:63032/devtoo..., se:cdpVersion: 129.0.6668.71, setWindowRect: true, strictFileInteractability: false, timeouts: {implicit: 0, pageLoad: 300000, script: 30000}, unhandledPromptBehavior: dismiss and notify, webauthn:extension:credBlob: true, webauthn:extension:largeBlob: true, webauthn:extension:minPinLength: true, webauthn:extension:prf: true, webauthn:virtualAuthenticators: true}
Session ID: cf0f698850b97db909fd6cd9f096af28">
      <![CDATA[org.openqa.selenium.NoSuchWindowException: no such window: target window already closed
from unknown error: web view not found
  (Session info: chrome=129.0.6668.71)
Build info: version: '4.23.0', revision: '4df0a231af'
System info: os.name: 'Windows 10', os.arch: 'amd64', os.version: '10.0', java.version: '17.0.1'
Driver info: org.openqa.selenium.chrome.ChromeDriver
Command: [cf0f698850b97db909fd6cd9f096af28, findElement {value=(//td[@role='gridcell'])[2], using=xpath}]
Capabilities {acceptInsecureCerts: false, browserName: chrome, browserVersion: 129.0.6668.71, chrome: {chromedriverVersion: 129.0.6668.58 (81a06fb873a9..., userDataDir: C:\Users\RAMAN~1.KUM\AppDat...}, fedcm:accounts: true, goog:chromeOptions: {debuggerAddress: localhost:63032}, networkConnectionEnabled: false, pageLoadStrategy: normal, platformName: windows, proxy: Proxy(), se:cdp: ws://localhost:63032/devtoo..., se:cdpVersion: 129.0.6668.71, setWindowRect: true, strictFileInteractability: false, timeouts: {implicit: 0, pageLoad: 300000, script: 30000}, unhandledPromptBehavior: dismiss and notify, webauthn:extension:credBlob: true, webauthn:extension:largeBlob: true, webauthn:extension:minPinLength: true, webauthn:extension:prf: true, webauthn:virtualAuthenticators: true}
Session ID: cf0f698850b97db909fd6cd9f096af28
at org.openqa.selenium.remote.ErrorCodec.decode(ErrorCodec.java:167)
at org.openqa.selenium.remote.codec.w3c.W3CHttpResponseCodec.decode(W3CHttpResponseCodec.java:138)
at org.openqa.selenium.remote.codec.w3c.W3CHttpResponseCodec.decode(W3CHttpResponseCodec.java:50)
at org.openqa.selenium.remote.HttpCommandExecutor.execute(HttpCommandExecutor.java:190)
at org.openqa.selenium.remote.service.DriverCommandExecutor.invokeExecute(DriverCommandExecutor.java:216)
at org.openqa.selenium.remote.service.DriverCommandExecutor.execute(DriverCommandExecutor.java:174)
at org.openqa.selenium.remote.RemoteWebDriver.execute(RemoteWebDriver.java:527)
at org.openqa.selenium.remote.ElementLocation$ElementFinder$2.findElement(ElementLocation.java:165)
at org.openqa.selenium.remote.ElementLocation.findElement(ElementLocation.java:59)
at org.openqa.selenium.remote.RemoteWebDriver.findElement(RemoteWebDriver.java:357)
at org.openqa.selenium.remote.RemoteWebDriver.findElement(RemoteWebDriver.java:351)
at com.testwebsite.helpers.ChargeBatch_CEProductivityHelper.addAndVerfiyBatch(ChargeBatch_CEProductivityHelper.java:42)
at com.testwebsite.scripts.ChargeBatch_CEProductivityScript.addBatchFunctionality(ChargeBatch_CEProductivityScript.java:54)
at java.base/java.util.ArrayList.forEach(ArrayList.java:1511)
... Removed 31 stack frames]]>
    </failure>
  </testcase> <!-- addBatchFunctionality -->
  <testcase classname="com.testwebsite.scripts.ChargeBatch_CEProductivityScript" name="addAndVerifyReceiveBatchFunctionality" time="91.015">
    <failure type="java.lang.AssertionError" message="Element Locator ://h1[text()=&amp;apos;Update Charge Batch&amp;apos;] Not found expected [true] but found [false]">
      <![CDATA[java.lang.AssertionError: Element Locator ://h1[text()='Update Charge Batch'] Not found expected [true] but found [false]
at com.testwebsite.utilites.NSeleniumMethods.getText(NSeleniumMethods.java:213)
at com.testwebsite.helpers.ChargeBatch_CEProductivityHelper.addAndVerifyReceiveBatch(ChargeBatch_CEProductivityHelper.java:117)
at com.testwebsite.scripts.ChargeBatch_CEProductivityScript.addAndVerifyReceiveBatchFunctionality(ChargeBatch_CEProductivityScript.java:75)
at java.base/java.util.ArrayList.forEach(ArrayList.java:1511)
... Removed 30 stack frames]]>
    </failure>
  </testcase> <!-- addAndVerifyReceiveBatchFunctionality -->
  <testcase classname="com.testwebsite.scripts.ChargeBatch_CEProductivityScript" name="chargeBatch_CEProductivity" time="247.64">
    <failure type="java.lang.AssertionError" message="Element Locator :(//span[@class=&amp;apos;mat-button-focus-overlay&amp;apos;])[2] Not found expected [true] but found [false]">
      <![CDATA[java.lang.AssertionError: Element Locator :(//span[@class='mat-button-focus-overlay'])[2] Not found expected [true] but found [false]
at com.testwebsite.utilites.NSeleniumMethods.pasteCopiedText(NSeleniumMethods.java:270)
at com.testwebsite.helpers.ChargeBatch_CEProductivityHelper.chargeBatch_CEProductivity(ChargeBatch_CEProductivityHelper.java:150)
at com.testwebsite.scripts.ChargeBatch_CEProductivityScript.chargeBatch_CEProductivity(ChargeBatch_CEProductivityScript.java:83)
at java.base/java.util.ArrayList.forEach(ArrayList.java:1511)
... Removed 30 stack frames]]>
    </failure>
  </testcase> <!-- chargeBatch_CEProductivity -->
</testsuite> <!-- ChargeBatch_CEProductivityTest -->
