<?xml version="1.0" encoding="UTF-8"?>
<!-- Generated by org.testng.reporters.JUnitXMLReporter -->
<testsuite ignored="0" hostname="LAP-138" failures="2" tests="3" name="PaymentBatch_ERAListTest" time="260.564" errors="0" timestamp="2024-10-01T13:05:59 IST">
  <testcase classname="com.testwebsite.scripts.PaymentBatch_ERAListScript" name="ClickOnThePaymentBatch" time="6.762"/>
  <testcase classname="com.testwebsite.scripts.PaymentBatch_ERAListScript" name="AddAndVerifyThePaymentBatch" time="9.824">
    <failure type="java.lang.AssertionError" message="Element Locator :(//input[@placeholder=&amp;apos;MM/DD/YYYY&amp;apos;])[7] Not found expected [true] but found [false]">
      <![CDATA[java.lang.AssertionError: Element Locator :(//input[@placeholder='MM/DD/YYYY'])[7] Not found expected [true] but found [false]
at com.testwebsite.utilites.NSeleniumMethods.selectCurrentDate(NSeleniumMethods.java:377)
at com.testwebsite.helpers.PaymentBatch_ERAListHelper.AddAndVerifyPaymentBatch(PaymentBatch_ERAListHelper.java:43)
at com.testwebsite.scripts.PaymentBatch_ERAListScript.AddAndVerifyThePaymentBatch(PaymentBatch_ERAListScript.java:21)
at java.base/java.util.ArrayList.forEach(ArrayList.java:1511)
... Removed 30 stack frames]]>
    </failure>
  </testcase> <!-- AddAndVerifyThePaymentBatch -->
  <testcase classname="com.testwebsite.scripts.PaymentBatch_ERAListScript" name="PaymentBatchERAProductivity" time="243.751">
    <failure type="java.lang.AssertionError" message="Element Locator ://input[@placeholder=&amp;apos;Enter Ticket&amp;apos;] Not found expected [true] but found [false]">
      <![CDATA[java.lang.AssertionError: Element Locator ://input[@placeholder='Enter Ticket'] Not found expected [true] but found [false]
at com.testwebsite.utilites.NSeleniumMethods.pasteCopiedText(NSeleniumMethods.java:287)
at com.testwebsite.helpers.PaymentBatch_ERAListHelper.PaymentBatch_ERAProductivity(PaymentBatch_ERAListHelper.java:104)
at com.testwebsite.scripts.PaymentBatch_ERAListScript.PaymentBatchERAProductivity(PaymentBatch_ERAListScript.java:27)
at java.base/java.util.ArrayList.forEach(ArrayList.java:1511)
... Removed 30 stack frames]]>
    </failure>
  </testcase> <!-- PaymentBatchERAProductivity -->
</testsuite> <!-- PaymentBatch_ERAListTest -->
