<?xml version="1.0" encoding="UTF-8"?>
<!-- Generated by org.testng.reporters.JUnitXMLReporter -->
<testsuite ignored="0" hostname="LAP-138" failures="2" tests="2" name="QAManager_ByStaff_WCTest" time="1346.536" errors="0" timestamp="2024-09-23T10:44:06 IST">
  <testcase classname="com.testwebsite.scripts.QAManager_ByStaff_WC_Script" name="worksheetWithoutParameters" time="30.929">
    <failure type="java.lang.AssertionError" message="Element Locator ://input[@id=&amp;apos;username&amp;apos;] Not found expected [true] but found [false]">
      <![CDATA[java.lang.AssertionError: Element Locator ://input[@id='username'] Not found expected [true] but found [false]
at com.testwebsite.utilites.NSeleniumMethods.sendKeys(NSeleniumMethods.java:179)
at com.testwebsite.helpers.QAManager_ByStaff_WC_Helper.WorkSheetWithoutParameters_Staff(QAManager_ByStaff_WC_Helper.java:34)
at com.testwebsite.scripts.QAManager_ByStaff_WC_Script.worksheetWithoutParameters(QAManager_ByStaff_WC_Script.java:22)
at java.base/java.util.ArrayList.forEach(ArrayList.java:1511)
... Removed 30 stack frames]]>
    </failure>
  </testcase> <!-- worksheetWithoutParameters -->
  <testcase classname="com.testwebsite.scripts.QAManager_ByStaff_WC_Script" name="worksheetWithParameters" time="1315.305">
    <failure type="java.lang.AssertionError" message="Element Locator ://input[@data-placeholder=&amp;apos;Enter Worksheet Name&amp;apos;] Not found expected [true] but found [false]">
      <![CDATA[java.lang.AssertionError: Element Locator ://input[@data-placeholder='Enter Worksheet Name'] Not found expected [true] but found [false]
at com.testwebsite.utilites.NSeleniumMethods.selectCurrentDateWithTime(NSeleniumMethods.java:358)
at com.testwebsite.helpers.QAManager_ByStaff_WC_Helper.WorkSheetWithParameters_Staff(QAManager_ByStaff_WC_Helper.java:111)
at com.testwebsite.scripts.QAManager_ByStaff_WC_Script.worksheetWithParameters(QAManager_ByStaff_WC_Script.java:28)
at java.base/java.util.ArrayList.forEach(ArrayList.java:1511)
... Removed 30 stack frames]]>
    </failure>
  </testcase> <!-- worksheetWithParameters -->
</testsuite> <!-- QAManager_ByStaff_WCTest -->
