<?xml version="1.0" encoding="UTF-8"?>
<testng-results ignored="0" total="4" passed="3" failed="1" skipped="0">
  <reporter-output>
  </reporter-output>
  <suite started-at="2024-09-08T12:50:12 IST" name="Suite" finished-at="2024-09-08T12:51:52 IST" duration-ms="99711">
    <groups>
    </groups>
    <test started-at="2024-09-08T12:50:12 IST" name="ChargeBatch_DemoProductivityTest" finished-at="2024-09-08T12:51:52 IST" duration-ms="99711">
      <class name="com.testwebsite.scripts.ChargeBatch_DemoProductivityScript">
        <test-method is-config="true" signature="setup()[pri:0, instance:com.testwebsite.scripts.ChargeBatch_DemoProductivityScript@4b8729ff]" started-at="2024-09-08T12:50:05 IST" name="setup" finished-at="2024-09-08T12:50:12 IST" duration-ms="7329" status="PASS">
          <reporter-output>
          </reporter-output>
        </test-method> <!-- setup -->
        <test-method is-config="true" signature="implementExtentReport()[pri:0, instance:com.testwebsite.scripts.ChargeBatch_DemoProductivityScript@4b8729ff]" started-at="2024-09-08T12:50:12 IST" name="implementExtentReport" finished-at="2024-09-08T12:50:13 IST" duration-ms="164" status="PASS">
          <reporter-output>
          </reporter-output>
        </test-method> <!-- implementExtentReport -->
        <test-method is-config="true" signature="ArgusWebsiteObjects()[pri:0, instance:com.testwebsite.scripts.ChargeBatch_DemoProductivityScript@4b8729ff]" started-at="2024-09-08T12:50:13 IST" name="ArgusWebsiteObjects" finished-at="2024-09-08T12:50:13 IST" duration-ms="13" status="PASS">
          <reporter-output>
          </reporter-output>
        </test-method> <!-- ArgusWebsiteObjects -->
        <test-method signature="clickOnTheChargeBatchingSystemForDemo()[pri:1, instance:com.testwebsite.scripts.ChargeBatch_DemoProductivityScript@4b8729ff]" started-at="2024-09-08T12:50:13 IST" name="clickOnTheChargeBatchingSystemForDemo" finished-at="2024-09-08T12:50:18 IST" duration-ms="5085" status="PASS">
          <reporter-output>
          </reporter-output>
        </test-method> <!-- clickOnTheChargeBatchingSystemForDemo -->
        <test-method is-config="true" signature="tearDown(org.testng.ITestResult)[pri:0, instance:com.testwebsite.scripts.ChargeBatch_DemoProductivityScript@4b8729ff]" started-at="2024-09-08T12:50:18 IST" name="tearDown" finished-at="2024-09-08T12:50:18 IST" duration-ms="7" status="PASS">
          <params>
            <param index="0">
              <value>
                <![CDATA[[TestResult name=clickOnTheChargeBatchingSystemForDemo status=SUCCESS method=ChargeBatch_DemoProductivityScript.clickOnTheChargeBatchingSystemForDemo()[pri:1, instance:com.testwebsite.scripts.ChargeBatch_DemoProductivityScript@4b8729ff] output={null}]]]>
              </value>
            </param>
          </params>
          <reporter-output>
          </reporter-output>
        </test-method> <!-- tearDown -->
        <test-method signature="addBatchFunctionalityForDemo()[pri:2, instance:com.testwebsite.scripts.ChargeBatch_DemoProductivityScript@4b8729ff]" started-at="2024-09-08T12:50:18 IST" name="addBatchFunctionalityForDemo" finished-at="2024-09-08T12:50:59 IST" duration-ms="41720" status="PASS">
          <reporter-output>
          </reporter-output>
        </test-method> <!-- addBatchFunctionalityForDemo -->
        <test-method is-config="true" signature="tearDown(org.testng.ITestResult)[pri:0, instance:com.testwebsite.scripts.ChargeBatch_DemoProductivityScript@4b8729ff]" started-at="2024-09-08T12:50:59 IST" name="tearDown" finished-at="2024-09-08T12:50:59 IST" duration-ms="1" status="PASS">
          <params>
            <param index="0">
              <value>
                <![CDATA[[TestResult name=addBatchFunctionalityForDemo status=SUCCESS method=ChargeBatch_DemoProductivityScript.addBatchFunctionalityForDemo()[pri:2, instance:com.testwebsite.scripts.ChargeBatch_DemoProductivityScript@4b8729ff] output={null}]]]>
              </value>
            </param>
          </params>
          <reporter-output>
          </reporter-output>
        </test-method> <!-- tearDown -->
        <test-method signature="addVerifyReceiveBatchFunctionalityForDemo()[pri:3, instance:com.testwebsite.scripts.ChargeBatch_DemoProductivityScript@4b8729ff]" started-at="2024-09-08T12:50:59 IST" name="addVerifyReceiveBatchFunctionalityForDemo" finished-at="2024-09-08T12:51:32 IST" duration-ms="32218" status="PASS">
          <reporter-output>
          </reporter-output>
        </test-method> <!-- addVerifyReceiveBatchFunctionalityForDemo -->
        <test-method is-config="true" signature="tearDown(org.testng.ITestResult)[pri:0, instance:com.testwebsite.scripts.ChargeBatch_DemoProductivityScript@4b8729ff]" started-at="2024-09-08T12:51:32 IST" name="tearDown" finished-at="2024-09-08T12:51:32 IST" duration-ms="0" status="PASS">
          <params>
            <param index="0">
              <value>
                <![CDATA[[TestResult name=addVerifyReceiveBatchFunctionalityForDemo status=SUCCESS method=ChargeBatch_DemoProductivityScript.addVerifyReceiveBatchFunctionalityForDemo()[pri:3, instance:com.testwebsite.scripts.ChargeBatch_DemoProductivityScript@4b8729ff] output={null}]]]>
              </value>
            </param>
          </params>
          <reporter-output>
          </reporter-output>
        </test-method> <!-- tearDown -->
        <test-method signature="chargeBatch_DemoProductivityForDemo()[pri:4, instance:com.testwebsite.scripts.ChargeBatch_DemoProductivityScript@4b8729ff]" started-at="2024-09-08T12:51:32 IST" name="chargeBatch_DemoProductivityForDemo" finished-at="2024-09-08T12:51:52 IST" duration-ms="19910" status="FAIL">
          <exception class="org.openqa.selenium.NoSuchElementException">
            <message>
              <![CDATA[no such element: Unable to locate element: {"method":"xpath","selector":"//p[text()='Ticket has already been posted for Demo Productivity type']"}
  (Session info: chrome=128.0.6613.120)
For documentation on this error, please visit: https://www.selenium.dev/documentation/webdriver/troubleshooting/errors#no-such-element-exception
Build info: version: '4.23.0', revision: '4df0a231af'
System info: os.name: 'Windows 10', os.arch: 'amd64', os.version: '10.0', java.version: '17.0.1'
Driver info: org.openqa.selenium.chrome.ChromeDriver
Command: [50aeb07c3febc382473108fab80f42b4, findElement {value=//p[text()='Ticket has already been posted for Demo Productivity type'], using=xpath}]
Capabilities {acceptInsecureCerts: false, browserName: chrome, browserVersion: 128.0.6613.120, chrome: {chromedriverVersion: 127.0.6533.72 (9755e24ca85a..., userDataDir: C:\Users\RAMAN~1.KUM\AppDat...}, fedcm:accounts: true, goog:chromeOptions: {debuggerAddress: localhost:51368}, networkConnectionEnabled: false, pageLoadStrategy: normal, platformName: windows, proxy: Proxy(), se:cdp: ws://localhost:51368/devtoo..., se:cdpVersion: 128.0.6613.120, setWindowRect: true, strictFileInteractability: false, timeouts: {implicit: 0, pageLoad: 300000, script: 30000}, unhandledPromptBehavior: dismiss and notify, webauthn:extension:credBlob: true, webauthn:extension:largeBlob: true, webauthn:extension:minPinLength: true, webauthn:extension:prf: true, webauthn:virtualAuthenticators: true}
Session ID: 50aeb07c3febc382473108fab80f42b4]]>
            </message>
            <full-stacktrace>
              <![CDATA[org.openqa.selenium.NoSuchElementException: no such element: Unable to locate element: {"method":"xpath","selector":"//p[text()='Ticket has already been posted for Demo Productivity type']"}
  (Session info: chrome=128.0.6613.120)
For documentation on this error, please visit: https://www.selenium.dev/documentation/webdriver/troubleshooting/errors#no-such-element-exception
Build info: version: '4.23.0', revision: '4df0a231af'
System info: os.name: 'Windows 10', os.arch: 'amd64', os.version: '10.0', java.version: '17.0.1'
Driver info: org.openqa.selenium.chrome.ChromeDriver
Command: [50aeb07c3febc382473108fab80f42b4, findElement {value=//p[text()='Ticket has already been posted for Demo Productivity type'], using=xpath}]
Capabilities {acceptInsecureCerts: false, browserName: chrome, browserVersion: 128.0.6613.120, chrome: {chromedriverVersion: 127.0.6533.72 (9755e24ca85a..., userDataDir: C:\Users\RAMAN~1.KUM\AppDat...}, fedcm:accounts: true, goog:chromeOptions: {debuggerAddress: localhost:51368}, networkConnectionEnabled: false, pageLoadStrategy: normal, platformName: windows, proxy: Proxy(), se:cdp: ws://localhost:51368/devtoo..., se:cdpVersion: 128.0.6613.120, setWindowRect: true, strictFileInteractability: false, timeouts: {implicit: 0, pageLoad: 300000, script: 30000}, unhandledPromptBehavior: dismiss and notify, webauthn:extension:credBlob: true, webauthn:extension:largeBlob: true, webauthn:extension:minPinLength: true, webauthn:extension:prf: true, webauthn:virtualAuthenticators: true}
Session ID: 50aeb07c3febc382473108fab80f42b4
at java.base/jdk.internal.reflect.NativeConstructorAccessorImpl.newInstance0(Native Method)
at java.base/jdk.internal.reflect.NativeConstructorAccessorImpl.newInstance(NativeConstructorAccessorImpl.java:77)
at java.base/jdk.internal.reflect.DelegatingConstructorAccessorImpl.newInstance(DelegatingConstructorAccessorImpl.java:45)
at java.base/java.lang.reflect.Constructor.newInstanceWithCaller(Constructor.java:499)
at java.base/java.lang.reflect.Constructor.newInstance(Constructor.java:480)
at org.openqa.selenium.remote.ErrorCodec.decode(ErrorCodec.java:167)
at org.openqa.selenium.remote.codec.w3c.W3CHttpResponseCodec.decode(W3CHttpResponseCodec.java:138)
at org.openqa.selenium.remote.codec.w3c.W3CHttpResponseCodec.decode(W3CHttpResponseCodec.java:50)
at org.openqa.selenium.remote.HttpCommandExecutor.execute(HttpCommandExecutor.java:190)
at org.openqa.selenium.remote.service.DriverCommandExecutor.invokeExecute(DriverCommandExecutor.java:216)
at org.openqa.selenium.remote.service.DriverCommandExecutor.execute(DriverCommandExecutor.java:174)
at org.openqa.selenium.remote.RemoteWebDriver.execute(RemoteWebDriver.java:527)
at org.openqa.selenium.remote.ElementLocation$ElementFinder$2.findElement(ElementLocation.java:165)
at org.openqa.selenium.remote.ElementLocation.findElement(ElementLocation.java:59)
at org.openqa.selenium.remote.RemoteWebDriver.findElement(RemoteWebDriver.java:357)
at org.openqa.selenium.remote.RemoteWebDriver.findElement(RemoteWebDriver.java:351)
at com.testwebsite.scripts.ChargeBatch_DemoProductivityScript.chargeBatch_DemoProductivityForDemo(ChargeBatch_DemoProductivityScript.java:86)
at java.base/jdk.internal.reflect.NativeMethodAccessorImpl.invoke0(Native Method)
at java.base/jdk.internal.reflect.NativeMethodAccessorImpl.invoke(NativeMethodAccessorImpl.java:77)
at java.base/jdk.internal.reflect.DelegatingMethodAccessorImpl.invoke(DelegatingMethodAccessorImpl.java:43)
at java.base/java.lang.reflect.Method.invoke(Method.java:568)
at org.testng.internal.MethodInvocationHelper.invokeMethod(MethodInvocationHelper.java:133)
at org.testng.internal.TestInvoker.invokeMethod(TestInvoker.java:598)
at org.testng.internal.TestInvoker.invokeTestMethod(TestInvoker.java:173)
at org.testng.internal.MethodRunner.runInSequence(MethodRunner.java:46)
at org.testng.internal.TestInvoker$MethodInvocationAgent.invoke(TestInvoker.java:824)
at org.testng.internal.TestInvoker.invokeTestMethods(TestInvoker.java:146)
at org.testng.internal.TestMethodWorker.invokeTestMethods(TestMethodWorker.java:146)
at org.testng.internal.TestMethodWorker.run(TestMethodWorker.java:128)
at java.base/java.util.ArrayList.forEach(ArrayList.java:1511)
at org.testng.TestRunner.privateRun(TestRunner.java:794)
at org.testng.TestRunner.run(TestRunner.java:596)
at org.testng.SuiteRunner.runTest(SuiteRunner.java:377)
at org.testng.SuiteRunner.runSequentially(SuiteRunner.java:371)
at org.testng.SuiteRunner.privateRun(SuiteRunner.java:332)
at org.testng.SuiteRunner.run(SuiteRunner.java:276)
at org.testng.SuiteRunnerWorker.runSuite(SuiteRunnerWorker.java:53)
at org.testng.SuiteRunnerWorker.run(SuiteRunnerWorker.java:96)
at org.testng.TestNG.runSuitesSequentially(TestNG.java:1212)
at org.testng.TestNG.runSuitesLocally(TestNG.java:1134)
at org.testng.TestNG.runSuites(TestNG.java:1063)
at org.testng.TestNG.run(TestNG.java:1031)
at org.testng.remote.AbstractRemoteTestNG.run(AbstractRemoteTestNG.java:115)
at org.testng.remote.RemoteTestNG.initAndRun(RemoteTestNG.java:251)
at org.testng.remote.RemoteTestNG.main(RemoteTestNG.java:77)
]]>
            </full-stacktrace>
          </exception> <!-- org.openqa.selenium.NoSuchElementException -->
          <reporter-output>
          </reporter-output>
        </test-method> <!-- chargeBatch_DemoProductivityForDemo -->
        <test-method is-config="true" signature="tearDown(org.testng.ITestResult)[pri:0, instance:com.testwebsite.scripts.ChargeBatch_DemoProductivityScript@4b8729ff]" started-at="2024-09-08T12:51:52 IST" name="tearDown" finished-at="2024-09-08T12:51:52 IST" duration-ms="1" status="PASS">
          <params>
            <param index="0">
              <value>
                <![CDATA[[TestResult name=chargeBatch_DemoProductivityForDemo status=FAILURE method=ChargeBatch_DemoProductivityScript.chargeBatch_DemoProductivityForDemo()[pri:4, instance:com.testwebsite.scripts.ChargeBatch_DemoProductivityScript@4b8729ff] output={null}]]]>
              </value>
            </param>
          </params>
          <reporter-output>
          </reporter-output>
        </test-method> <!-- tearDown -->
        <test-method is-config="true" signature="exitExtentReport()[pri:0, instance:com.testwebsite.scripts.ChargeBatch_DemoProductivityScript@4b8729ff]" started-at="2024-09-08T12:51:52 IST" name="exitExtentReport" finished-at="2024-09-08T12:51:52 IST" duration-ms="554" status="PASS">
          <reporter-output>
          </reporter-output>
        </test-method> <!-- exitExtentReport -->
        <test-method is-config="true" signature="quitBrowser()[pri:0, instance:com.testwebsite.scripts.ChargeBatch_DemoProductivityScript@4b8729ff]" started-at="2024-09-08T12:51:52 IST" name="quitBrowser" finished-at="2024-09-08T12:51:53 IST" duration-ms="360" status="PASS">
          <reporter-output>
          </reporter-output>
        </test-method> <!-- quitBrowser -->
      </class> <!-- com.testwebsite.scripts.ChargeBatch_DemoProductivityScript -->
    </test> <!-- ChargeBatch_DemoProductivityTest -->
  </suite> <!-- Suite -->
</testng-results>
