<?xml version="1.0" encoding="UTF-8"?>
<!-- Generated by org.testng.reporters.JUnitReportReporter -->
<testsuite hostname="LAP-138" failures="1" tests="2" name="com.testwebsite.scripts.LoginProcessScript" time="13.476" errors="0" timestamp="2024-09-08T12:39:22 IST" skipped="0">
  <testcase classname="com.testwebsite.scripts.LoginProcessScript" name="loginToAKPMS" time="6.757">
    <failure message="The following asserts failed:
	Login failed with error: Invalid Credentials" type="java.lang.AssertionError">
      <![CDATA[java.lang.AssertionError: The following asserts failed:
Login failed with error: Invalid Credentials
at org.testng.asserts.SoftAssert.assertAll(SoftAssert.java:47)
at org.testng.asserts.SoftAssert.assertAll(SoftAssert.java:31)
at com.testwebsite.scripts.LoginProcessScript.loginToAKPMS(LoginProcessScript.java:64)
at java.base/jdk.internal.reflect.NativeMethodAccessorImpl.invoke0(Native Method)
at java.base/jdk.internal.reflect.NativeMethodAccessorImpl.invoke(NativeMethodAccessorImpl.java:77)
at java.base/jdk.internal.reflect.DelegatingMethodAccessorImpl.invoke(DelegatingMethodAccessorImpl.java:43)
at java.base/java.lang.reflect.Method.invoke(Method.java:568)
at org.testng.internal.MethodInvocationHelper.invokeMethod(MethodInvocationHelper.java:133)
at org.testng.internal.TestInvoker.invokeMethod(TestInvoker.java:598)
at org.testng.internal.TestInvoker.invokeTestMethod(TestInvoker.java:173)
at org.testng.internal.MethodRunner.runInSequence(MethodRunner.java:46)
at org.testng.internal.TestInvoker$MethodInvocationAgent.invoke(TestInvoker.java:824)
at org.testng.internal.TestInvoker.invokeTestMethods(TestInvoker.java:146)
at org.testng.internal.TestMethodWorker.invokeTestMethods(TestMethodWorker.java:146)
at org.testng.internal.TestMethodWorker.run(TestMethodWorker.java:128)
at java.base/java.util.concurrent.ThreadPoolExecutor.runWorker(ThreadPoolExecutor.java:1136)
at java.base/java.util.concurrent.ThreadPoolExecutor$Worker.run(ThreadPoolExecutor.java:635)
at java.base/java.lang.Thread.run(Thread.java:833)
]]>
    </failure>
  </testcase> <!-- loginToAKPMS -->
  <system-out/>
  <testcase classname="com.testwebsite.scripts.LoginProcessScript" name="loginToAKPMS" time="6.719"/>
  <system-out/>
</testsuite> <!-- com.testwebsite.scripts.LoginProcessScript -->
