<?xml version="1.0" encoding="UTF-8"?>
<!-- Generated by org.testng.reporters.JUnitReportReporter -->
<testsuite hostname="LAP-138" failures="1" tests="2" name="runners.CucumberTestRunner" time="31.851" errors="0" timestamp="2024-10-02T05:18:08 IST" skipped="0">
  <testcase classname="runners.CucumberTestRunner" name="runScenario" time="17.049"/>
  <testcase classname="runners.CucumberTestRunner" name="runScenario" time="14.802">
    <failure message="Error message not displayed as expected. expected [Invalid username or password] but found [Invalid Credentials]" type="java.lang.AssertionError">
      <![CDATA[java.lang.AssertionError: Error message not displayed as expected. expected [Invalid username or password] but found [Invalid Credentials]
at org.testng.Assert.fail(Assert.java:111)
at org.testng.Assert.failNotEquals(Assert.java:1578)
at org.testng.Assert.assertEqualsImpl(Assert.java:150)
at org.testng.Assert.assertEquals(Assert.java:132)
at org.testng.Assert.assertEquals(Assert.java:656)
at stepDefinitions.LoginSteps.error_message_should_be_displayed(LoginSteps.java:51)
at âœ½.an error message "Invalid username or password" should be displayed(file:///C:/Users/raman.kumar/eclipse-workspace/Arguss/src/test/resources/features/Login.feature:8)
]]>
    </failure>
  </testcase> <!-- runScenario -->
</testsuite> <!-- runners.CucumberTestRunner -->
