<?xml version="1.0" encoding="UTF-8"?>
<!-- Generated by org.testng.reporters.JUnitXMLReporter -->
<testsuite ignored="0" hostname="LAP-138" failures="1" tests="2" name="Cucumber Tests" time="32.656" errors="0" timestamp="2024-10-02T05:18:08 IST">
  <testcase classname="io.cucumber.testng.AbstractTestNGCucumberTests" name="runScenario" time="14.802">
    <failure type="java.lang.AssertionError" message="Error message not displayed as expected. expected [Invalid username or password] but found [Invalid Credentials]">
      <![CDATA[java.lang.AssertionError: Error message not displayed as expected. expected [Invalid username or password] but found [Invalid Credentials]
at stepDefinitions.LoginSteps.error_message_should_be_displayed(LoginSteps.java:51)
at âœ½.an error message "Invalid username or password" should be displayed(file:///C:/Users/raman.kumar/eclipse-workspace/Arguss/src/test/resources/features/Login.feature:8)
... Removed 5 stack frames]]>
    </failure>
  </testcase> <!-- runScenario -->
  <testcase classname="io.cucumber.testng.AbstractTestNGCucumberTests" name="runScenario" time="17.049"/>
</testsuite> <!-- Cucumber Tests -->
